{
  "stats": {
    "suites": 1,
    "tests": 5,
    "passes": 5,
    "pending": 0,
    "failures": 0,
    "start": "2021-11-01T17:26:45.786Z",
    "end": "2021-11-01T17:26:50.651Z",
    "duration": 4865,
    "testsRegistered": 5,
    "passPercent": 100,
    "pendingPercent": 0,
    "other": 0,
    "hasOther": false,
    "skipped": 0,
    "hasSkipped": false,
    "passPercentClass": "success",
    "pendingPercentClass": "danger"
  },
  "suites": {
    "uuid": "dc4352dc-9708-43e7-9e51-faa6de1fa6bf",
    "title": "",
    "fullFile": "cypress/integration/API/BookingAPI.spec.js",
    "file": "cypress/integration/API/BookingAPI.spec.js",
    "beforeHooks": [],
    "afterHooks": [],
    "tests": [],
    "suites": [
      {
        "uuid": "c407fe08-a375-4035-bdcd-f451f2b18dae",
        "title": "Testing API Endpoints Using Cypress",
        "fullFile": "",
        "file": "",
        "beforeHooks": [],
        "afterHooks": [],
        "tests": [
          {
            "title": "Test GET Request",
            "fullTitle": "Testing API Endpoints Using Cypress Test GET Request",
            "duration": 2832,
            "state": "passed",
            "speed": "fast",
            "pass": true,
            "fail": false,
            "pending": false,
            "code": "cy.request('https://restful-booker.herokuapp.com/booking').then(response => {\n  expect(response.status).to.eq(200);\n  expect(response.body[0]).to.have.all.keys('bookingid');\n});",
            "err": {},
            "isRoot": false,
            "uuid": "a74dcbf7-4987-464a-b754-fd16784abb9e",
            "isHook": false,
            "skipped": false
          },
          {
            "title": "Test GET Request",
            "fullTitle": "Testing API Endpoints Using Cypress Test GET Request",
            "duration": 446,
            "state": "passed",
            "speed": "fast",
            "pass": true,
            "fail": false,
            "pending": false,
            "code": "cy.request('https://restful-booker.herokuapp.com/booking/20').then(response => {\n  expect(response.status).to.eq(200);\n  expect(response.body).to.have.all.keys('firstname', 'lastname', 'totalprice', 'depositpaid', 'bookingdates', 'additionalneeds');\n});",
            "err": {},
            "isRoot": false,
            "uuid": "f765d8e7-6197-47f9-90e5-35bbe205aa98",
            "isHook": false,
            "skipped": false
          },
          {
            "title": "Test POST Request",
            "fullTitle": "Testing API Endpoints Using Cypress Test POST Request",
            "duration": 568,
            "state": "passed",
            "speed": "fast",
            "pass": true,
            "fail": false,
            "pending": false,
            "code": "cy.request({\n  method: 'POST',\n  url: 'https://restful-booker.herokuapp.com/booking',\n  headers: {\n    contenttype: 'application / json'\n  },\n  body: {\n    \"firstname\": \"Jim\",\n    \"lastname\": \"Brown\",\n    \"totalprice\": 111,\n    \"depositpaid\": true,\n    \"bookingdates\": {\n      \"checkin\": \"2018-01-01\",\n      \"checkout\": \"2019-01-01\"\n    },\n    \"additionalneeds\": \"Breakfast\"\n  }\n}).then(response => {\n  expect(response.status).to.eq(200);\n  expect(response.body).has.property(\"bookingid\");\n  expect(response.body).has.property(\"booking\");\n  expect(response.body.booking).has.property(\"firstname\", \"Jim\");\n  expect(response.body.booking).has.property(\"lastname\", \"Brown\");\n  expect(response.body.booking).has.property(\"totalprice\", 111);\n  expect(response.body.booking).has.property(\"depositpaid\", true);\n  expect(response.body.booking.bookingdates).has.property(\"checkin\", \"2018-01-01\");\n  expect(response.body.booking.bookingdates).has.property(\"checkout\", \"2019-01-01\");\n  expect(response.body.booking).has.property(\"additionalneeds\", \"Breakfast\");\n});",
            "err": {},
            "isRoot": false,
            "uuid": "87a375e0-0c05-40b4-9243-4799169a26e4",
            "isHook": false,
            "skipped": false
          },
          {
            "title": "Test PUT Request",
            "fullTitle": "Testing API Endpoints Using Cypress Test PUT Request",
            "duration": 685,
            "state": "passed",
            "speed": "fast",
            "pass": true,
            "fail": false,
            "pending": false,
            "code": "// cy.getCookie('token','abc123')\ncy.request({\n  method: 'PUT',\n  url: 'https://restful-booker.herokuapp.com/booking/20',\n  headers: {\n    contenttype: 'application / json',\n    accept: 'application/json',\n    authorization: 'Basic YWRtaW46cGFzc3dvcmQxMjM='\n  },\n  body: {\n    \"firstname\": \"James\",\n    \"lastname\": \"Brown\",\n    \"totalprice\": 111,\n    \"depositpaid\": true,\n    \"bookingdates\": {\n      \"checkin\": \"2018-01-01\",\n      \"checkout\": \"2019-01-01\"\n    },\n    \"additionalneeds\": \"Breakfast\"\n  }\n}).then(response => {\n  expect(response.status).to.eq(200);\n  expect(response.body).has.property(\"firstname\", \"James\");\n  expect(response.body).has.property(\"lastname\", \"Brown\");\n  expect(response.body).has.property(\"totalprice\", 111);\n  expect(response.body).has.property(\"depositpaid\", true);\n  expect(response.body.bookingdates).has.property(\"checkin\", \"2018-01-01\");\n  expect(response.body.bookingdates).has.property(\"checkout\", \"2019-01-01\");\n  expect(response.body).has.property(\"additionalneeds\", \"Breakfast\");\n});",
            "err": {},
            "isRoot": false,
            "uuid": "de32f710-33e0-4e9f-886a-ff033deec6f1",
            "isHook": false,
            "skipped": false
          },
          {
            "title": "Test DELETE Request",
            "fullTitle": "Testing API Endpoints Using Cypress Test DELETE Request",
            "duration": 257,
            "state": "passed",
            "speed": "fast",
            "pass": true,
            "fail": false,
            "pending": false,
            "code": "cy.request({\n  method: 'DELETE',\n  url: 'https://restful-booker.herokuapp.com/booking/20',\n  headers: {\n    //contenttype: 'application / json',\n    //accept: 'application/json',\n    authorization: 'Basic YWRtaW46cGFzc3dvcmQxMjM='\n  }\n}).then(response => {\n  expect(response.status).to.eq(201); //expect(response.body).to.be.empty;\n});",
            "err": {},
            "isRoot": false,
            "uuid": "5b49d47c-7c4e-4361-9353-2a0750cf1296",
            "isHook": false,
            "skipped": false
          }
        ],
        "suites": [],
        "passes": [
          "a74dcbf7-4987-464a-b754-fd16784abb9e",
          "f765d8e7-6197-47f9-90e5-35bbe205aa98",
          "87a375e0-0c05-40b4-9243-4799169a26e4",
          "de32f710-33e0-4e9f-886a-ff033deec6f1",
          "5b49d47c-7c4e-4361-9353-2a0750cf1296"
        ],
        "failures": [],
        "pending": [],
        "skipped": [],
        "duration": 4788,
        "root": false,
        "rootEmpty": false,
        "_timeout": 2000
      }
    ],
    "passes": [],
    "failures": [],
    "pending": [],
    "skipped": [],
    "duration": 0,
    "root": true,
    "rootEmpty": true,
    "_timeout": 2000
  },
  "copyrightYear": 2021
}