{
  "stats": {
    "suites": 1,
    "tests": 4,
    "passes": 3,
    "pending": 0,
    "failures": 1,
    "start": "2021-11-01T17:27:01.449Z",
    "end": "2021-11-01T17:27:39.281Z",
    "duration": 37832,
    "testsRegistered": 4,
    "passPercent": 75,
    "pendingPercent": 0,
    "other": 0,
    "hasOther": false,
    "skipped": 0,
    "hasSkipped": false,
    "passPercentClass": "warning",
    "pendingPercentClass": "danger"
  },
  "suites": {
    "uuid": "dcb27c8d-ce8c-49f9-826d-d53339d3c7c5",
    "title": "",
    "fullFile": "cypress/integration/UI Web page validation/BrokinLinks.spec.js",
    "file": "cypress/integration/UI Web page validation/BrokinLinks.spec.js",
    "beforeHooks": [],
    "afterHooks": [],
    "tests": [],
    "suites": [
      {
        "uuid": "cc4520b9-05d8-4033-bcd5-0bfa3efb728e",
        "title": "Loading of the webpage",
        "fullFile": "",
        "file": "",
        "beforeHooks": [],
        "afterHooks": [],
        "tests": [
          {
            "title": "Loads the Webpage",
            "fullTitle": "Loading of the webpage Loads the Webpage",
            "duration": 2983,
            "state": "passed",
            "speed": "fast",
            "pass": true,
            "fail": false,
            "pending": false,
            "code": "cy.visit('http://uitestingplayground.com/home');",
            "err": {},
            "isRoot": false,
            "uuid": "90296843-6d7c-423d-8afa-7bcaf1e28ffc",
            "isHook": false,
            "skipped": false
          },
          {
            "title": "Verifies the hyperlinks are broken or not",
            "fullTitle": "Loading of the webpage Verifies the hyperlinks are broken or not",
            "duration": 14992,
            "state": "passed",
            "speed": "slow",
            "pass": true,
            "fail": false,
            "pending": false,
            "code": "cy.get(\"a:not([href*='mailto:]']\").each($el => {\n  cy.request({\n    url: $el.attr('href'),\n    failOnStatusCode: true\n  }).then(response => {\n    expect(response.status).to.eq(200);\n  });\n});",
            "err": {},
            "isRoot": false,
            "uuid": "584ce136-0cef-4ff6-9001-55111679698a",
            "isHook": false,
            "skipped": false
          },
          {
            "title": "Verifies the hyperlinks are broken or not on Resources page ",
            "fullTitle": "Loading of the webpage Verifies the hyperlinks are broken or not on Resources page ",
            "duration": 15561,
            "state": "passed",
            "speed": "slow",
            "pass": true,
            "fail": false,
            "pending": false,
            "code": "cy.get(\"a[href*='resources']\").click();\ncy.get(\"a:not([href*='mailto:]']\").each($el => {\n  cy.request({\n    url: $el.attr('href'),\n    failOnStatusCode: true\n  }).then(response => {\n    expect(response.status).to.eq(200);\n  });\n});",
            "err": {},
            "isRoot": false,
            "uuid": "73faaf9c-2e46-4966-9b03-1e6048d0ce7b",
            "isHook": false,
            "skipped": false
          },
          {
            "title": "Loads the Webpage",
            "fullTitle": "Loading of the webpage Loads the Webpage",
            "duration": 548,
            "state": "failed",
            "pass": false,
            "fail": true,
            "pending": false,
            "code": "cy.visit('http://uitestingplayground.com/home453');",
            "err": {
              "message": "CypressError: `cy.visit()` failed trying to load:\n\nhttp://uitestingplayground.com/home453\n\nThe response we received from your web server was:\n\n  > 404: Not Found\n\nThis was considered a failure because the status code was not `2xx`.\n\nIf you do not want status codes to cause failures pass the option: `failOnStatusCode: false`",
              "estack": "CypressError: `cy.visit()` failed trying to load:\n\nhttp://uitestingplayground.com/home453\n\nThe response we received from your web server was:\n\n  > 404: Not Found\n\nThis was considered a failure because the status code was not `2xx`.\n\nIf you do not want status codes to cause failures pass the option: `failOnStatusCode: false`\n    at http://uitestingplayground.com/__cypress/runner/cypress_runner.js:156062:84\n    at visitFailedByErr (http://uitestingplayground.com/__cypress/runner/cypress_runner.js:155437:12)\n    at http://uitestingplayground.com/__cypress/runner/cypress_runner.js:156042:13\n    at tryCatcher (http://uitestingplayground.com/__cypress/runner/cypress_runner.js:13212:23)\n    at Promise._settlePromiseFromHandler (http://uitestingplayground.com/__cypress/runner/cypress_runner.js:11147:31)\n    at Promise._settlePromise (http://uitestingplayground.com/__cypress/runner/cypress_runner.js:11204:18)\n    at Promise._settlePromise0 (http://uitestingplayground.com/__cypress/runner/cypress_runner.js:11249:10)\n    at Promise._settlePromises (http://uitestingplayground.com/__cypress/runner/cypress_runner.js:11325:18)\n    at _drainQueueStep (http://uitestingplayground.com/__cypress/runner/cypress_runner.js:7919:12)\n    at _drainQueue (http://uitestingplayground.com/__cypress/runner/cypress_runner.js:7912:9)\n    at Async.../../node_modules/bluebird/js/release/async.js.Async._drainQueues (http://uitestingplayground.com/__cypress/runner/cypress_runner.js:7928:5)\n    at Async.drainQueues (http://uitestingplayground.com/__cypress/runner/cypress_runner.js:7798:14)\nFrom Your Spec Code:\n    at Context.eval (http://uitestingplayground.com/__cypress/tests?p=cypress\\integration\\UI%20Web%20page%20validation\\BrokinLinks.spec.js:125:8)"
            },
            "isRoot": false,
            "uuid": "307dc83c-18a6-453c-a9c8-1cfffb526f03",
            "isHook": false,
            "skipped": false
          }
        ],
        "suites": [],
        "passes": [
          "90296843-6d7c-423d-8afa-7bcaf1e28ffc",
          "584ce136-0cef-4ff6-9001-55111679698a",
          "73faaf9c-2e46-4966-9b03-1e6048d0ce7b"
        ],
        "failures": [
          "307dc83c-18a6-453c-a9c8-1cfffb526f03"
        ],
        "pending": [],
        "skipped": [],
        "duration": 34084,
        "root": false,
        "rootEmpty": false,
        "_timeout": 2000
      }
    ],
    "passes": [],
    "failures": [],
    "pending": [],
    "skipped": [],
    "duration": 0,
    "root": true,
    "rootEmpty": true,
    "_timeout": 2000
  },
  "copyrightYear": 2021
}